<?xml version="1.0" encoding="UTF-8"?>
<!-- Generated by org.testng.reporters.JUnitXMLReporter -->
<testsuite hostname="cal4013" name="EPICPrerequisties Chrome Test" tests="1" failures="0" timestamp="1 Oct 2021 12:31:38 GMT" time="6.719" errors="0">
  <testcase name="@BeforeTest setUp1" time="0.0" classname="com.Automation.Testcases.AprovalClass">
    <failure type="org.openqa.selenium.InvalidArgumentException" message="invalid argument
  (Session info: chrome=94.0.4606.61)
Build info: version: &amp;apos;3.4.0&amp;apos;, revision: &amp;apos;unknown&amp;apos;, time: &amp;apos;unknown&amp;apos;
System info: host: &amp;apos;CAL4013&amp;apos;, ip: &amp;apos;10.10.4.13&amp;apos;, os.name: &amp;apos;Windows 10&amp;apos;, os.arch: &amp;apos;amd64&amp;apos;, os.version: &amp;apos;10.0&amp;apos;, java.version: &amp;apos;1.8.0_221&amp;apos;
Driver info: org.openqa.selenium.chrome.ChromeDriver
Capabilities [{networkConnectionEnabled=false, chrome={chromedriverVersion=94.0.4606.61 (418b78f5838ed0b1c69bb4e51ea0252171854915-refs/branch-heads/4606@{#1204}), userDataDir=C:\Users\LAKSHM~1\AppData\Local\Temp\scoped_dir14468_840786075}, timeouts={implicit=0.0, pageLoad=300000.0, script=30000.0}, pageLoadStrategy=normal, unhandledPromptBehavior=dismiss and notify, strictFileInteractability=false, platform=ANY, proxy=Proxy(), goog:chromeOptions={debuggerAddress=localhost:50617}, webauthn:extension:credBlob=true, acceptInsecureCerts=false, browserVersion=94.0.4606.61, browserName=chrome, javascriptEnabled=true, platformName=windows, setWindowRect=true, webauthn:extension:largeBlob=true, webauthn:virtualAuthenticators=true}]
Session ID: 9939b44c1cc1ff7921222cacd8419dd5">
      <![CDATA[org.openqa.selenium.InvalidArgumentException: invalid argument
  (Session info: chrome=94.0.4606.61)
Build info: version: '3.4.0', revision: 'unknown', time: 'unknown'
System info: host: 'CAL4013', ip: '10.10.4.13', os.name: 'Windows 10', os.arch: 'amd64', os.version: '10.0', java.version: '1.8.0_221'
Driver info: org.openqa.selenium.chrome.ChromeDriver
Capabilities [{networkConnectionEnabled=false, chrome={chromedriverVersion=94.0.4606.61 (418b78f5838ed0b1c69bb4e51ea0252171854915-refs/branch-heads/4606@{#1204}), userDataDir=C:\Users\LAKSHM~1\AppData\Local\Temp\scoped_dir14468_840786075}, timeouts={implicit=0.0, pageLoad=300000.0, script=30000.0}, pageLoadStrategy=normal, unhandledPromptBehavior=dismiss and notify, strictFileInteractability=false, platform=ANY, proxy=Proxy(), goog:chromeOptions={debuggerAddress=localhost:50617}, webauthn:extension:credBlob=true, acceptInsecureCerts=false, browserVersion=94.0.4606.61, browserName=chrome, javascriptEnabled=true, platformName=windows, setWindowRect=true, webauthn:extension:largeBlob=true, webauthn:virtualAuthenticators=true}]
Session ID: 9939b44c1cc1ff7921222cacd8419dd5
	at org.openqa.selenium.remote.http.W3CHttpResponseCodec.createException(W3CHttpResponseCodec.java:150)
	at org.openqa.selenium.remote.http.W3CHttpResponseCodec.decode(W3CHttpResponseCodec.java:115)
	at org.openqa.selenium.remote.http.W3CHttpResponseCodec.decode(W3CHttpResponseCodec.java:45)
	at org.openqa.selenium.remote.HttpCommandExecutor.execute(HttpCommandExecutor.java:164)
	at org.openqa.selenium.remote.service.DriverCommandExecutor.execute(DriverCommandExecutor.java:82)
	at org.openqa.selenium.remote.RemoteWebDriver.execute(RemoteWebDriver.java:637)
	at org.openqa.selenium.remote.RemoteWebDriver.get(RemoteWebDriver.java:364)
	at com.Automation.Base.TestEngine.setUp1(TestEngine.java:156)
... Removed 26 stack frames]]>
    </failure>
  </testcase> <!-- @BeforeTest setUp1 -->
  <testcase name="@AfterMethod getResult" time="0.0" classname="com.Automation.Testcases.EPICPrerequisties">
    <failure type="java.lang.NullPointerException">
      <![CDATA[java.lang.NullPointerException
]]>
    </failure>
  </testcase> <!-- @AfterMethod getResult -->
  <testcase name="GlobalProfile" time="0.006" classname="com.Automation.Testcases.EPICPrerequisties">
    <skipped/>
  </testcase> <!-- GlobalProfile -->
</testsuite> <!-- EPICPrerequisties Chrome Test -->
